
Circuit 1 cell ppolyf_u_1k and Circuit 2 cell ppolyf_u_1k are black boxes.
Warning: Equate pins:  cell ppolyf_u_1k is a placeholder, treated as a black box.
Warning: Equate pins:  cell ppolyf_u_1k is a placeholder, treated as a black box.

Subcircuit pins:
Circuit 1: ppolyf_u_1k                     |Circuit 2: ppolyf_u_1k                     
-------------------------------------------|-------------------------------------------
1                                          |1                                          
2                                          |2                                          
3                                          |3                                          
---------------------------------------------------------------------------------------
Cell pin lists are equivalent.
Device classes ppolyf_u_1k and ppolyf_u_1k are equivalent.
Flattening unmatched subcell res_cell in circuit differential_load_res (0)(30 instances)

Class differential_load_res (0):  Merged 9 parallel devices.
Class differential_load_res (0):  Merged 18 series devices.
Subcircuit summary:
Circuit 1: differential_load_res           |Circuit 2: differential_load_res           
-------------------------------------------|-------------------------------------------
ppolyf_u_1k (30->3)                        |ppolyf_u_1k (12->3)                        
Number of devices: 3                       |Number of devices: 3                       
Number of nets: 4                          |Number of nets: 4                          
---------------------------------------------------------------------------------------
Resolving symmetries by property value.
Resolving symmetries by pin name.
Netlists match uniquely.

Subcircuit pins:
Circuit 1: differential_load_res           |Circuit 2: differential_load_res           
-------------------------------------------|-------------------------------------------
D4                                         |D4                                         
D3                                         |D3                                         
G                                          |G                                          
VSS                                        |VSS                                        
---------------------------------------------------------------------------------------
Cell pin lists are equivalent.
Device classes differential_load_res and differential_load_res are equivalent.

Final result: Circuits match uniquely.
.
