
Circuit 1 cell nfet_06v0 and Circuit 2 cell nfet_06v0 are black boxes.
Warning: Equate pins:  cell nfet_06v0 is a placeholder, treated as a black box.
Warning: Equate pins:  cell nfet_06v0 is a placeholder, treated as a black box.

Subcircuit pins:
Circuit 1: nfet_06v0                       |Circuit 2: nfet_06v0                       
-------------------------------------------|-------------------------------------------
1                                          |1                                          
2                                          |2                                          
3                                          |3                                          
4                                          |4                                          
---------------------------------------------------------------------------------------
Cell pin lists are equivalent.
Device classes nfet_06v0 and nfet_06v0 are equivalent.

Circuit 1 cell pfet_06v0 and Circuit 2 cell pfet_06v0 are black boxes.
Warning: Equate pins:  cell pfet_06v0 is a placeholder, treated as a black box.
Warning: Equate pins:  cell pfet_06v0 is a placeholder, treated as a black box.

Subcircuit pins:
Circuit 1: pfet_06v0                       |Circuit 2: pfet_06v0                       
-------------------------------------------|-------------------------------------------
1                                          |1                                          
2                                          |2                                          
3                                          |3                                          
4                                          |4                                          
---------------------------------------------------------------------------------------
Cell pin lists are equivalent.
Device classes pfet_06v0 and pfet_06v0 are equivalent.

Subcircuit summary:
Circuit 1: gf180mcu_fd_sc_mcu9t5v0__latq_1 |Circuit 2: gf180mcu_fd_sc_mcu9t5v0__latq_1 
-------------------------------------------|-------------------------------------------
nfet_06v0 (8)                              |nfet_06v0 (8)                              
pfet_06v0 (8)                              |pfet_06v0 (8)                              
Number of devices: 16                      |Number of devices: 16                      
Number of nets: 15                         |Number of nets: 15                         
---------------------------------------------------------------------------------------
Netlists match uniquely.

Subcircuit pins:
Circuit 1: gf180mcu_fd_sc_mcu9t5v0__latq_1 |Circuit 2: gf180mcu_fd_sc_mcu9t5v0__latq_1 
-------------------------------------------|-------------------------------------------
VPW                                        |VPW                                        
VNW                                        |VNW                                        
Q                                          |Q                                          
E                                          |E                                          
D                                          |D                                          
VSS                                        |VSS                                        
VDD                                        |VDD                                        
---------------------------------------------------------------------------------------
Cell pin lists are equivalent.
Device classes gf180mcu_fd_sc_mcu9t5v0__latq_1 and gf180mcu_fd_sc_mcu9t5v0__latq_1 are equivalent.

Subcircuit summary:
Circuit 1: dff_2ph_clk                     |Circuit 2: dff_2ph_clk                     
-------------------------------------------|-------------------------------------------
gf180mcu_fd_sc_mcu9t5v0__latq_1 (2)        |gf180mcu_fd_sc_mcu9t5v0__latq_1 (2)        
Number of devices: 2                       |Number of devices: 2                       
Number of nets: 7                          |Number of nets: 7                          
---------------------------------------------------------------------------------------
Netlists match uniquely.

Subcircuit pins:
Circuit 1: dff_2ph_clk                     |Circuit 2: dff_2ph_clk                     
-------------------------------------------|-------------------------------------------
VDDD                                       |VDDD                                       
VSSD                                       |VSSD                                       
CLK_PH2                                    |CLK_PH2                                    
Q                                          |Q                                          
D                                          |D                                          
CLK_PH1                                    |CLK_PH1                                    
---------------------------------------------------------------------------------------
Cell pin lists are equivalent.
Device classes dff_2ph_clk and dff_2ph_clk are equivalent.

Final result: Circuits match uniquely.
.
